  [1m[35m (3.7ms)[0m  [1m[35mCREATE TABLE "schema_migrations" ("version" varchar NOT NULL PRIMARY KEY)[0m
  [1m[35m (1.8ms)[0m  [1m[35mCREATE TABLE "ar_internal_metadata" ("key" varchar NOT NULL PRIMARY KEY, "value" varchar, "created_at" datetime NOT NULL, "updated_at" datetime NOT NULL)[0m
  [1m[36mActiveRecord::SchemaMigration Load (0.1ms)[0m  [1m[34mSELECT "schema_migrations".* FROM "schema_migrations"[0m
Migrating to CreateItems (20170325150709)
  [1m[35m (0.1ms)[0m  [1m[36mbegin transaction[0m
  [1m[35m (0.8ms)[0m  [1m[35mCREATE TABLE "items" ("id" INTEGER PRIMARY KEY AUTOINCREMENT NOT NULL, "name" varchar, "category" varchar, "quantity" integer, "description" text, "created_at" datetime NOT NULL, "updated_at" datetime NOT NULL)[0m
  [1m[35mSQL (0.2ms)[0m  [1m[32mINSERT INTO "schema_migrations" ("version") VALUES (?)[0m  [["version", "20170325150709"]]
  [1m[35m (2.7ms)[0m  [1m[36mcommit transaction[0m
Migrating to CreateUsers (20170325151257)
  [1m[35m (0.1ms)[0m  [1m[36mbegin transaction[0m
  [1m[35m (0.4ms)[0m  [1m[35mCREATE TABLE "users" ("id" INTEGER PRIMARY KEY AUTOINCREMENT NOT NULL, "name" varchar, "created_at" datetime NOT NULL, "updated_at" datetime NOT NULL)[0m
  [1m[35mSQL (0.3ms)[0m  [1m[32mINSERT INTO "schema_migrations" ("version") VALUES (?)[0m  [["version", "20170325151257"]]
  [1m[35m (1.5ms)[0m  [1m[36mcommit transaction[0m
Migrating to CreateMembers (20170325151602)
  [1m[35m (0.1ms)[0m  [1m[36mbegin transaction[0m
  [1m[35m (0.3ms)[0m  [1m[35mCREATE TABLE "members" ("id" INTEGER PRIMARY KEY AUTOINCREMENT NOT NULL, "name" varchar, "email" varchar, "phone" varchar, "created_at" datetime NOT NULL, "updated_at" datetime NOT NULL)[0m
  [1m[35mSQL (0.1ms)[0m  [1m[32mINSERT INTO "schema_migrations" ("version") VALUES (?)[0m  [["version", "20170325151602"]]
  [1m[35m (1.7ms)[0m  [1m[36mcommit transaction[0m
Migrating to CreateOrders (20170325152140)
  [1m[35m (0.1ms)[0m  [1m[36mbegin transaction[0m
  [1m[35m (0.4ms)[0m  [1m[35mCREATE TABLE "orders" ("id" INTEGER PRIMARY KEY AUTOINCREMENT NOT NULL, "quantity" varchar, "status" boolean, "expire_at" date, "item_id" integer, "member_id" integer, "created_at" datetime NOT NULL, "updated_at" datetime NOT NULL)[0m
  [1m[35m (0.1ms)[0m  [1m[34mselect sqlite_version(*)[0m
  [1m[35m (0.1ms)[0m  [1m[35mCREATE  INDEX "index_orders_on_item_id" ON "orders" ("item_id")[0m
  [1m[35m (0.1ms)[0m  [1m[34m            SELECT sql
            FROM sqlite_master
            WHERE name='index_orders_on_item_id' AND type='index'
            UNION ALL
            SELECT sql
            FROM sqlite_temp_master
            WHERE name='index_orders_on_item_id' AND type='index'
[0m
  [1m[35m (0.1ms)[0m  [1m[35mCREATE  INDEX "index_orders_on_member_id" ON "orders" ("member_id")[0m
  [1m[35mSQL (0.1ms)[0m  [1m[32mINSERT INTO "schema_migrations" ("version") VALUES (?)[0m  [["version", "20170325152140"]]
  [1m[35m (2.4ms)[0m  [1m[36mcommit transaction[0m
Migrating to AddDeviseToUsers (20170325194949)
  [1m[35m (0.1ms)[0m  [1m[36mbegin transaction[0m
  [1m[35m (0.4ms)[0m  [1m[35mALTER TABLE "users" ADD "email" varchar DEFAULT '' NOT NULL[0m
  [1m[35m (0.1ms)[0m  [1m[35mALTER TABLE "users" ADD "encrypted_password" varchar DEFAULT '' NOT NULL[0m
  [1m[35m (0.2ms)[0m  [1m[35mALTER TABLE "users" ADD "reset_password_token" varchar[0m
  [1m[35m (0.1ms)[0m  [1m[35mALTER TABLE "users" ADD "reset_password_sent_at" datetime[0m
  [1m[35m (0.1ms)[0m  [1m[35mALTER TABLE "users" ADD "remember_created_at" datetime[0m
  [1m[35m (0.1ms)[0m  [1m[35mALTER TABLE "users" ADD "sign_in_count" integer DEFAULT 0 NOT NULL[0m
  [1m[35m (0.1ms)[0m  [1m[35mALTER TABLE "users" ADD "current_sign_in_at" datetime[0m
  [1m[35m (0.2ms)[0m  [1m[35mALTER TABLE "users" ADD "last_sign_in_at" datetime[0m
  [1m[35m (0.1ms)[0m  [1m[35mALTER TABLE "users" ADD "current_sign_in_ip" varchar[0m
  [1m[35m (0.1ms)[0m  [1m[35mALTER TABLE "users" ADD "last_sign_in_ip" varchar[0m
  [1m[35m (0.1ms)[0m  [1m[35mCREATE UNIQUE INDEX "index_users_on_email" ON "users" ("email")[0m
  [1m[35m (0.1ms)[0m  [1m[34m            SELECT sql
            FROM sqlite_master
            WHERE name='index_users_on_email' AND type='index'
            UNION ALL
            SELECT sql
            FROM sqlite_temp_master
            WHERE name='index_users_on_email' AND type='index'
[0m
  [1m[35m (0.2ms)[0m  [1m[35mCREATE UNIQUE INDEX "index_users_on_reset_password_token" ON "users" ("reset_password_token")[0m
  [1m[35mSQL (0.2ms)[0m  [1m[32mINSERT INTO "schema_migrations" ("version") VALUES (?)[0m  [["version", "20170325194949"]]
  [1m[35m (2.0ms)[0m  [1m[36mcommit transaction[0m
Migrating to AddAvailableQuantityToItems (20170423075558)
  [1m[35m (0.1ms)[0m  [1m[36mbegin transaction[0m
  [1m[35m (0.5ms)[0m  [1m[35mALTER TABLE "items" ADD "remaining_quantity" integer[0m
  [1m[35mSQL (0.1ms)[0m  [1m[32mINSERT INTO "schema_migrations" ("version") VALUES (?)[0m  [["version", "20170423075558"]]
  [1m[35m (5.1ms)[0m  [1m[36mcommit transaction[0m
Migrating to CreateDelayedJobs (20170423144447)
  [1m[35m (0.1ms)[0m  [1m[36mbegin transaction[0m
DEPRECATION WARNING: Directly inheriting from ActiveRecord::Migration is deprecated. Please specify the Rails release the migration was written for:

  class CreateDelayedJobs < ActiveRecord::Migration[4.2] (called from load at /Users/rafaelcarrascal/.rbenv/versions/2.3.1/bin/rake:23)
  [1m[35m (0.4ms)[0m  [1m[35mCREATE TABLE "delayed_jobs" ("id" INTEGER PRIMARY KEY AUTOINCREMENT NOT NULL, "priority" integer DEFAULT 0 NOT NULL, "attempts" integer DEFAULT 0 NOT NULL, "handler" text NOT NULL, "last_error" text, "run_at" datetime, "locked_at" datetime, "failed_at" datetime, "locked_by" varchar, "queue" varchar, "created_at" datetime, "updated_at" datetime)[0m
  [1m[35m (0.1ms)[0m  [1m[35mCREATE  INDEX "delayed_jobs_priority" ON "delayed_jobs" ("priority", "run_at")[0m
  [1m[35mSQL (0.1ms)[0m  [1m[32mINSERT INTO "schema_migrations" ("version") VALUES (?)[0m  [["version", "20170423144447"]]
  [1m[35m (1.6ms)[0m  [1m[36mcommit transaction[0m
  [1m[36mActiveRecord::InternalMetadata Load (0.2ms)[0m  [1m[34mSELECT  "ar_internal_metadata".* FROM "ar_internal_metadata" WHERE "ar_internal_metadata"."key" = ? LIMIT ?[0m  [["key", :environment], ["LIMIT", 1]]
  [1m[35m (0.1ms)[0m  [1m[36mbegin transaction[0m
  [1m[35mSQL (0.3ms)[0m  [1m[32mINSERT INTO "ar_internal_metadata" ("key", "value", "created_at", "updated_at") VALUES (?, ?, ?, ?)[0m  [["key", "environment"], ["value", "development"], ["created_at", 2017-12-19 16:17:58 UTC], ["updated_at", 2017-12-19 16:17:58 UTC]]
  [1m[35m (1.6ms)[0m  [1m[36mcommit transaction[0m
  [1m[36mActiveRecord::SchemaMigration Load (0.1ms)[0m  [1m[34mSELECT "schema_migrations".* FROM "schema_migrations"[0m
  [1m[35m (0.1ms)[0m  [1m[34m            SELECT sql
            FROM sqlite_master
            WHERE name='delayed_jobs_priority' AND type='index'
            UNION ALL
            SELECT sql
            FROM sqlite_temp_master
            WHERE name='delayed_jobs_priority' AND type='index'
[0m
  [1m[35m (0.1ms)[0m  [1m[34m            SELECT sql
            FROM sqlite_master
            WHERE name='index_orders_on_member_id' AND type='index'
            UNION ALL
            SELECT sql
            FROM sqlite_temp_master
            WHERE name='index_orders_on_member_id' AND type='index'
[0m
  [1m[35m (0.4ms)[0m  [1m[34m            SELECT sql
            FROM sqlite_master
            WHERE name='index_orders_on_item_id' AND type='index'
            UNION ALL
            SELECT sql
            FROM sqlite_temp_master
            WHERE name='index_orders_on_item_id' AND type='index'
[0m
  [1m[35m (0.1ms)[0m  [1m[34m            SELECT sql
            FROM sqlite_master
            WHERE name='index_users_on_reset_password_token' AND type='index'
            UNION ALL
            SELECT sql
            FROM sqlite_temp_master
            WHERE name='index_users_on_reset_password_token' AND type='index'
[0m
  [1m[35m (0.1ms)[0m  [1m[34m            SELECT sql
            FROM sqlite_master
            WHERE name='index_users_on_email' AND type='index'
            UNION ALL
            SELECT sql
            FROM sqlite_temp_master
            WHERE name='index_users_on_email' AND type='index'
[0m
  [1m[36mActiveRecord::SchemaMigration Load (0.6ms)[0m  [1m[34mSELECT "schema_migrations".* FROM "schema_migrations"[0m
  [1m[35mSQL (36.5ms)[0m  [1m[31mDELETE FROM "users"[0m
  [1m[35m (0.1ms)[0m  [1m[36mbegin transaction[0m
  [1m[36mUser Exists (0.2ms)[0m  [1m[34mSELECT  1 AS one FROM "users" WHERE "users"."email" = ? LIMIT ?[0m  [["email", "demo@demo.com"], ["LIMIT", 1]]
  [1m[35mSQL (8.2ms)[0m  [1m[32mINSERT INTO "users" ("name", "created_at", "updated_at", "email", "encrypted_password") VALUES (?, ?, ?, ?, ?)[0m  [["name", "Zacharias"], ["created_at", 2017-12-19 16:18:15 UTC], ["updated_at", 2017-12-19 16:18:15 UTC], ["email", "demo@demo.com"], ["encrypted_password", "$2a$11$amvcECSC6R1R8IF1qDWug.VcZqPbA6D61.v9ozHjHQVzRW27fBQUO"]]
  [1m[35m (2.4ms)[0m  [1m[36mcommit transaction[0m
Started GET "/" for ::1 at 2017-12-19 11:18:50 -0500
  [1m[36mActiveRecord::SchemaMigration Load (0.6ms)[0m  [1m[34mSELECT "schema_migrations".* FROM "schema_migrations"[0m
Processing by OrdersController#index as HTML
Completed 401 Unauthorized in 82ms (ActiveRecord: 0.0ms)


Started GET "/users/sign_in" for ::1 at 2017-12-19 11:18:50 -0500
Processing by Devise::SessionsController#new as HTML
  Rendering devise/sessions/new.html.erb within layouts/application
  Rendered devise/sessions/new.html.erb within layouts/application (62.8ms)
  Rendered layouts/_notifications.html.erb (1.4ms)
Completed 200 OK in 10806ms (Views: 10784.5ms | ActiveRecord: 0.6ms)


Started POST "/users/sign_in" for ::1 at 2017-12-19 11:19:08 -0500
Processing by Devise::SessionsController#create as HTML
  Parameters: {"utf8"=>"✓", "authenticity_token"=>"Y+kt2n6xzkUIHA8/Iw7CaZ6xw9zouRu0r64Pgdk2AMGjj/FBUqpM8xxhGQ4+D1+fo3lGaj01Atgz7rZ7fLdkpg==", "user"=>{"email"=>"aboobackervyd@gmail.com", "password"=>"[FILTERED]", "remember_me"=>"0"}, "commit"=>"Log in"}
  [1m[36mUser Load (16.5ms)[0m  [1m[34mSELECT  "users".* FROM "users" WHERE "users"."email" = ? ORDER BY "users"."id" ASC LIMIT ?[0m  [["email", "aboobackervyd@gmail.com"], ["LIMIT", 1]]
Completed 401 Unauthorized in 36ms (ActiveRecord: 16.5ms)


Processing by Devise::SessionsController#new as HTML
  Parameters: {"utf8"=>"✓", "authenticity_token"=>"Y+kt2n6xzkUIHA8/Iw7CaZ6xw9zouRu0r64Pgdk2AMGjj/FBUqpM8xxhGQ4+D1+fo3lGaj01Atgz7rZ7fLdkpg==", "user"=>{"email"=>"aboobackervyd@gmail.com", "password"=>"[FILTERED]", "remember_me"=>"0"}, "commit"=>"Log in"}
  Rendering devise/sessions/new.html.erb within layouts/application
  Rendered devise/sessions/new.html.erb within layouts/application (2.3ms)
  Rendered layouts/_notifications.html.erb (1.1ms)
Completed 200 OK in 532ms (Views: 191.3ms | ActiveRecord: 0.0ms)


Started POST "/users/sign_in" for ::1 at 2017-12-19 11:23:06 -0500
Processing by Devise::SessionsController#create as HTML
  Parameters: {"utf8"=>"✓", "authenticity_token"=>"eMlAFcpPrEfxbn0QbsGXZjyAnGHmByc+F81gIk8ES1O4r5yO5lQu8eUTayFzwAqQAUgZ1zOLPlKLjdnY6oUvNA==", "user"=>{"email"=>"demo@demo.com", "password"=>"[FILTERED]", "remember_me"=>"0"}, "commit"=>"Log in"}
  [1m[36mUser Load (20.9ms)[0m  [1m[34mSELECT  "users".* FROM "users" WHERE "users"."email" = ? ORDER BY "users"."id" ASC LIMIT ?[0m  [["email", "demo@demo.com"], ["LIMIT", 1]]
  [1m[35m (0.3ms)[0m  [1m[36mbegin transaction[0m
  [1m[35mSQL (0.7ms)[0m  [1m[33mUPDATE "users" SET "current_sign_in_at" = ?, "last_sign_in_at" = ?, "current_sign_in_ip" = ?, "last_sign_in_ip" = ?, "sign_in_count" = ?, "updated_at" = ? WHERE "users"."id" = ?[0m  [["current_sign_in_at", 2017-12-19 16:23:06 UTC], ["last_sign_in_at", 2017-12-19 16:23:06 UTC], ["current_sign_in_ip", "::1"], ["last_sign_in_ip", "::1"], ["sign_in_count", 1], ["updated_at", 2017-12-19 16:23:06 UTC], ["id", 1]]
  [1m[35m (6.2ms)[0m  [1m[36mcommit transaction[0m
Redirected to http://localhost:3000/
Completed 302 Found in 2761ms (ActiveRecord: 28.2ms)


Started GET "/" for ::1 at 2017-12-19 11:23:09 -0500
Processing by OrdersController#index as HTML
  [1m[36mUser Load (1.9ms)[0m  [1m[34mSELECT  "users".* FROM "users" WHERE "users"."id" = ? ORDER BY "users"."id" ASC LIMIT ?[0m  [["id", 1], ["LIMIT", 1]]
  Rendering orders/index.html.erb within layouts/application
  Rendered layouts/_header.html.erb (26.8ms)
  [1m[35m (25.9ms)[0m  [1m[34mSELECT SUM("items"."quantity") FROM "items"[0m
  [1m[35m (0.2ms)[0m  [1m[34mSELECT SUM("items"."remaining_quantity") FROM "items"[0m
  [1m[36mCACHE (0.1ms)[0m  [1m[34mSELECT SUM("items"."quantity") FROM "items"[0m
  [1m[36mCACHE (0.0ms)[0m  [1m[34mSELECT SUM("items"."remaining_quantity") FROM "items"[0m
  [1m[35m (129.6ms)[0m  [1m[34mSELECT COUNT(*) FROM "orders" WHERE (expire_at < '2017-12-19') AND "orders"."status" = ?[0m  [["status", true]]
  [1m[35m (0.2ms)[0m  [1m[34mSELECT COUNT(*) FROM "orders" WHERE "orders"."status" = ?[0m  [["status", true]]
  [1m[36mOrder Load (0.2ms)[0m  [1m[34mSELECT "orders".* FROM "orders" WHERE "orders"."status" = ?[0m  [["status", true]]
  [1m[35m (6.8ms)[0m  [1m[34mSELECT COUNT(*) FROM "members"[0m
  [1m[36mMember Load (0.2ms)[0m  [1m[34mSELECT "members".* FROM "members"[0m
  Rendered layouts/_footer.html.erb (0.7ms)
  Rendered orders/index.html.erb within layouts/application (493.4ms)
  Rendered layouts/_notifications.html.erb (1.7ms)
Completed 200 OK in 1697ms (Views: 1060.5ms | ActiveRecord: 166.6ms)


Started GET "/members/new" for ::1 at 2017-12-19 11:23:19 -0500
Processing by MembersController#new as HTML
  [1m[36mUser Load (0.8ms)[0m  [1m[34mSELECT  "users".* FROM "users" WHERE "users"."id" = ? ORDER BY "users"."id" ASC LIMIT ?[0m  [["id", 1], ["LIMIT", 1]]
  Rendering members/new.html.erb within layouts/application
  Rendered layouts/_header.html.erb (3.9ms)
  Rendered layouts/_footer.html.erb (0.6ms)
  Rendered members/new.html.erb within layouts/application (53.0ms)
  Rendered layouts/_notifications.html.erb (1.3ms)
Completed 200 OK in 1078ms (Views: 1062.4ms | ActiveRecord: 1.1ms)


Started GET "/items/new" for ::1 at 2017-12-19 11:23:23 -0500
Processing by ItemsController#new as HTML
  [1m[36mUser Load (0.6ms)[0m  [1m[34mSELECT  "users".* FROM "users" WHERE "users"."id" = ? ORDER BY "users"."id" ASC LIMIT ?[0m  [["id", 1], ["LIMIT", 1]]
  Rendering items/new.html.erb within layouts/application
  Rendered layouts/_header.html.erb (3.4ms)
  Rendered items/new.html.erb within layouts/application (54.4ms)
  Rendered layouts/_notifications.html.erb (1.2ms)
Completed 200 OK in 305ms (Views: 289.2ms | ActiveRecord: 1.1ms)


Started GET "/past_orders" for ::1 at 2017-12-19 11:25:15 -0500
Processing by OrdersController#old as HTML
  [1m[36mUser Load (0.6ms)[0m  [1m[34mSELECT  "users".* FROM "users" WHERE "users"."id" = ? ORDER BY "users"."id" ASC LIMIT ?[0m  [["id", 1], ["LIMIT", 1]]
  Rendering orders/old.html.erb within layouts/application
  Rendered layouts/_header.html.erb (3.6ms)
  [1m[36mOrder Load (16.2ms)[0m  [1m[34mSELECT "orders".* FROM "orders" WHERE "orders"."status" = ?[0m  [["status", false]]
  Rendered layouts/_footer.html.erb (0.4ms)
  Rendered orders/old.html.erb within layouts/application (36.9ms)
  Rendered layouts/_notifications.html.erb (1.1ms)
Completed 200 OK in 412ms (Views: 381.8ms | ActiveRecord: 16.8ms)


  [1m[35m (54.7ms)[0m  [1m[35mCREATE TABLE "schema_migrations" ("version" character varying PRIMARY KEY)[0m
  [1m[35m (47.6ms)[0m  [1m[35mCREATE TABLE "ar_internal_metadata" ("key" character varying PRIMARY KEY, "value" character varying, "created_at" timestamp NOT NULL, "updated_at" timestamp NOT NULL)[0m
  [1m[35m (0.4ms)[0m  [1m[34mSELECT pg_try_advisory_lock(2877807932643685335);[0m
  [1m[36mActiveRecord::SchemaMigration Load (0.7ms)[0m  [1m[34mSELECT "schema_migrations".* FROM "schema_migrations"[0m
Migrating to CreateItems (20170325150709)
  [1m[35m (0.2ms)[0m  [1m[35mBEGIN[0m
  [1m[35m (48.7ms)[0m  [1m[35mCREATE TABLE "items" ("id" serial primary key, "name" character varying, "category" character varying, "quantity" integer, "description" text, "created_at" timestamp NOT NULL, "updated_at" timestamp NOT NULL)[0m
  [1m[35mSQL (0.6ms)[0m  [1m[32mINSERT INTO "schema_migrations" ("version") VALUES ($1) RETURNING "version"[0m  [["version", "20170325150709"]]
  [1m[35m (0.9ms)[0m  [1m[35mCOMMIT[0m
Migrating to CreateUsers (20170325151257)
  [1m[35m (40.6ms)[0m  [1m[35mBEGIN[0m
  [1m[35m (5.6ms)[0m  [1m[35mCREATE TABLE "users" ("id" serial primary key, "name" character varying, "created_at" timestamp NOT NULL, "updated_at" timestamp NOT NULL)[0m
  [1m[35mSQL (0.4ms)[0m  [1m[32mINSERT INTO "schema_migrations" ("version") VALUES ($1) RETURNING "version"[0m  [["version", "20170325151257"]]
  [1m[35m (0.8ms)[0m  [1m[35mCOMMIT[0m
Migrating to CreateMembers (20170325151602)
  [1m[35m (39.7ms)[0m  [1m[35mBEGIN[0m
  [1m[35m (8.1ms)[0m  [1m[35mCREATE TABLE "members" ("id" serial primary key, "name" character varying, "email" character varying, "phone" character varying, "created_at" timestamp NOT NULL, "updated_at" timestamp NOT NULL)[0m
  [1m[35mSQL (0.5ms)[0m  [1m[32mINSERT INTO "schema_migrations" ("version") VALUES ($1) RETURNING "version"[0m  [["version", "20170325151602"]]
  [1m[35m (0.8ms)[0m  [1m[35mCOMMIT[0m
Migrating to CreateOrders (20170325152140)
  [1m[35m (40.7ms)[0m  [1m[35mBEGIN[0m
  [1m[35m (14.8ms)[0m  [1m[35mCREATE TABLE "orders" ("id" serial primary key, "quantity" character varying, "status" boolean, "expire_at" date, "item_id" integer, "member_id" integer, "created_at" timestamp NOT NULL, "updated_at" timestamp NOT NULL, CONSTRAINT "fk_rails_fc971cd604"
FOREIGN KEY ("item_id")
  REFERENCES "items" ("id")
, CONSTRAINT "fk_rails_aed4e423c4"
FOREIGN KEY ("member_id")
  REFERENCES "members" ("id")
)[0m
  [1m[35m (2.1ms)[0m  [1m[35mCREATE  INDEX  "index_orders_on_item_id" ON "orders"  ("item_id")[0m
  [1m[35m (1.5ms)[0m  [1m[35mCREATE  INDEX  "index_orders_on_member_id" ON "orders"  ("member_id")[0m
  [1m[35mSQL (0.3ms)[0m  [1m[32mINSERT INTO "schema_migrations" ("version") VALUES ($1) RETURNING "version"[0m  [["version", "20170325152140"]]
  [1m[35m (0.8ms)[0m  [1m[35mCOMMIT[0m
Migrating to AddDeviseToUsers (20170325194949)
  [1m[35m (40.6ms)[0m  [1m[35mBEGIN[0m
  [1m[35m (9.6ms)[0m  [1m[35mALTER TABLE "users" ADD "email" character varying DEFAULT '' NOT NULL[0m
  [1m[35m (6.3ms)[0m  [1m[35mALTER TABLE "users" ADD "encrypted_password" character varying DEFAULT '' NOT NULL[0m
  [1m[35m (0.5ms)[0m  [1m[35mALTER TABLE "users" ADD "reset_password_token" character varying[0m
  [1m[35m (0.3ms)[0m  [1m[35mALTER TABLE "users" ADD "reset_password_sent_at" timestamp[0m
  [1m[35m (0.4ms)[0m  [1m[35mALTER TABLE "users" ADD "remember_created_at" timestamp[0m
  [1m[35m (5.4ms)[0m  [1m[35mALTER TABLE "users" ADD "sign_in_count" integer DEFAULT 0 NOT NULL[0m
  [1m[35m (0.6ms)[0m  [1m[35mALTER TABLE "users" ADD "current_sign_in_at" timestamp[0m
  [1m[35m (0.4ms)[0m  [1m[35mALTER TABLE "users" ADD "last_sign_in_at" timestamp[0m
  [1m[35m (0.3ms)[0m  [1m[35mALTER TABLE "users" ADD "current_sign_in_ip" character varying[0m
  [1m[35m (0.3ms)[0m  [1m[35mALTER TABLE "users" ADD "last_sign_in_ip" character varying[0m
  [1m[35m (1.4ms)[0m  [1m[35mCREATE UNIQUE INDEX  "index_users_on_email" ON "users"  ("email")[0m
  [1m[35m (2.1ms)[0m  [1m[35mCREATE UNIQUE INDEX  "index_users_on_reset_password_token" ON "users"  ("reset_password_token")[0m
  [1m[35mSQL (0.3ms)[0m  [1m[32mINSERT INTO "schema_migrations" ("version") VALUES ($1) RETURNING "version"[0m  [["version", "20170325194949"]]
  [1m[35m (2.3ms)[0m  [1m[35mCOMMIT[0m
Migrating to AddAvailableQuantityToItems (20170423075558)
  [1m[35m (0.4ms)[0m  [1m[35mBEGIN[0m
  [1m[35m (0.5ms)[0m  [1m[35mALTER TABLE "items" ADD "remaining_quantity" integer[0m
  [1m[35mSQL (0.3ms)[0m  [1m[32mINSERT INTO "schema_migrations" ("version") VALUES ($1) RETURNING "version"[0m  [["version", "20170423075558"]]
  [1m[35m (40.1ms)[0m  [1m[35mCOMMIT[0m
Migrating to CreateDelayedJobs (20170423144447)
  [1m[35m (0.3ms)[0m  [1m[35mBEGIN[0m
DEPRECATION WARNING: Directly inheriting from ActiveRecord::Migration is deprecated. Please specify the Rails release the migration was written for:

  class CreateDelayedJobs < ActiveRecord::Migration[4.2] (called from load at /Users/rafaelcarrascal/.rbenv/versions/2.3.1/bin/rake:23)
  [1m[35m (47.4ms)[0m  [1m[35mCREATE TABLE "delayed_jobs" ("id" serial primary key, "priority" integer DEFAULT 0 NOT NULL, "attempts" integer DEFAULT 0 NOT NULL, "handler" text NOT NULL, "last_error" text, "run_at" timestamp, "locked_at" timestamp, "failed_at" timestamp, "locked_by" character varying, "queue" character varying, "created_at" timestamp, "updated_at" timestamp)[0m
  [1m[35m (2.1ms)[0m  [1m[35mCREATE  INDEX  "delayed_jobs_priority" ON "delayed_jobs"  ("priority", "run_at")[0m
  [1m[35mSQL (0.3ms)[0m  [1m[32mINSERT INTO "schema_migrations" ("version") VALUES ($1) RETURNING "version"[0m  [["version", "20170423144447"]]
  [1m[35m (1.3ms)[0m  [1m[35mCOMMIT[0m
  [1m[36mActiveRecord::InternalMetadata Load (0.5ms)[0m  [1m[34mSELECT  "ar_internal_metadata".* FROM "ar_internal_metadata" WHERE "ar_internal_metadata"."key" = $1 LIMIT $2[0m  [["key", :environment], ["LIMIT", 1]]
  [1m[35m (0.2ms)[0m  [1m[35mBEGIN[0m
  [1m[35mSQL (0.9ms)[0m  [1m[32mINSERT INTO "ar_internal_metadata" ("key", "value", "created_at", "updated_at") VALUES ($1, $2, $3, $4) RETURNING "key"[0m  [["key", "environment"], ["value", "development"], ["created_at", 2017-12-19 22:30:23 UTC], ["updated_at", 2017-12-19 22:30:23 UTC]]
  [1m[35m (7.8ms)[0m  [1m[35mCOMMIT[0m
  [1m[35m (0.3ms)[0m  [1m[34mSELECT pg_advisory_unlock(2877807932643685335)[0m
  [1m[36mActiveRecord::SchemaMigration Load (0.3ms)[0m  [1m[34mSELECT "schema_migrations".* FROM "schema_migrations"[0m
  [1m[36mActiveRecord::SchemaMigration Load (0.8ms)[0m  [1m[34mSELECT "schema_migrations".* FROM "schema_migrations"[0m
  [1m[35mSQL (87.3ms)[0m  [1m[31mDELETE FROM "users"[0m
  [1m[35m (0.2ms)[0m  [1m[35mBEGIN[0m
  [1m[36mUser Exists (1.5ms)[0m  [1m[34mSELECT  1 AS one FROM "users" WHERE "users"."email" = $1 LIMIT $2[0m  [["email", "demo@demo.com"], ["LIMIT", 1]]
  [1m[35mSQL (42.7ms)[0m  [1m[32mINSERT INTO "users" ("name", "created_at", "updated_at", "email", "encrypted_password") VALUES ($1, $2, $3, $4, $5) RETURNING "id"[0m  [["name", "Zacharias"], ["created_at", 2017-12-19 22:32:16 UTC], ["updated_at", 2017-12-19 22:32:16 UTC], ["email", "demo@demo.com"], ["encrypted_password", "$2a$11$a0M8Pk9BrxRPw.hEJK1/puENN6NdnFjCcK8.fFrJoJGORXb5ku5sq"]]
  [1m[35m (29.5ms)[0m  [1m[35mCOMMIT[0m
  [1m[35m (0.9ms)[0m  [1m[34mSELECT pg_try_advisory_lock(2877807932643685335);[0m
  [1m[36mActiveRecord::SchemaMigration Load (42.3ms)[0m  [1m[34mSELECT "schema_migrations".* FROM "schema_migrations"[0m
Migrating to AddMarcaToItems (20171220112422)
  [1m[35m (0.3ms)[0m  [1m[35mBEGIN[0m
  [1m[35mSQL (0.9ms)[0m  [1m[32mINSERT INTO "schema_migrations" ("version") VALUES ($1) RETURNING "version"[0m  [["version", "20171220112422"]]
  [1m[35m (41.5ms)[0m  [1m[35mCOMMIT[0m
Migrating to AddOtherFieldsToItems (20171220210833)
  [1m[35m (0.3ms)[0m  [1m[35mBEGIN[0m
  [1m[35m (2.6ms)[0m  [1m[35mALTER TABLE "items" ADD "marca" character varying[0m
  [1m[35m (0.7ms)[0m  [1m[35mALTER TABLE "items" ADD "modelo" character varying[0m
  [1m[35m (0.6ms)[0m  [1m[35mALTER TABLE "items" ADD "serial" character varying[0m
  [1m[35m (0.6ms)[0m  [1m[35mALTER TABLE "items" ADD "mantenimiento" character varying[0m
  [1m[35m (0.6ms)[0m  [1m[35mALTER TABLE "items" ADD "num_manten_year" character varying[0m
  [1m[35m (0.5ms)[0m  [1m[35mALTER TABLE "items" ADD "regulador" character varying[0m
  [1m[35m (0.5ms)[0m  [1m[35mALTER TABLE "items" ADD "monitoreo" character varying[0m
  [1m[35m (0.4ms)[0m  [1m[35mALTER TABLE "items" ADD "tipo_id" integer[0m
  [1m[35m (0.4ms)[0m  [1m[35mALTER TABLE "items" ADD "volumen" character varying[0m
  [1m[35m (0.5ms)[0m  [1m[35mALTER TABLE "items" ADD "num_paquetes" character varying[0m
  [1m[35mSQL (0.4ms)[0m  [1m[32mINSERT INTO "schema_migrations" ("version") VALUES ($1) RETURNING "version"[0m  [["version", "20171220210833"]]
  [1m[35m (14.1ms)[0m  [1m[35mCOMMIT[0m
  [1m[36mActiveRecord::InternalMetadata Load (0.8ms)[0m  [1m[34mSELECT  "ar_internal_metadata".* FROM "ar_internal_metadata" WHERE "ar_internal_metadata"."key" = $1 LIMIT $2[0m  [["key", :environment], ["LIMIT", 1]]
  [1m[35m (0.1ms)[0m  [1m[35mBEGIN[0m
  [1m[35m (0.1ms)[0m  [1m[35mCOMMIT[0m
  [1m[35m (0.4ms)[0m  [1m[34mSELECT pg_advisory_unlock(2877807932643685335)[0m
  [1m[36mActiveRecord::SchemaMigration Load (0.3ms)[0m  [1m[34mSELECT "schema_migrations".* FROM "schema_migrations"[0m
Started GET "/" for ::1 at 2017-12-20 17:39:54 -0500
  [1m[36mActiveRecord::SchemaMigration Load (0.7ms)[0m  [1m[34mSELECT "schema_migrations".* FROM "schema_migrations"[0m
Processing by OrdersController#index as HTML
  [1m[36mUser Load (20.6ms)[0m  [1m[34mSELECT  "users".* FROM "users" WHERE "users"."id" = $1 ORDER BY "users"."id" ASC LIMIT $2[0m  [["id", 1], ["LIMIT", 1]]
Completed 401 Unauthorized in 158ms (ActiveRecord: 29.0ms)


Started GET "/users/sign_in" for ::1 at 2017-12-20 17:39:54 -0500
Processing by Devise::SessionsController#new as HTML
  Rendering devise/sessions/new.html.erb within layouts/application
  Rendered devise/sessions/new.html.erb within layouts/application (130.5ms)
  Rendered layouts/_notifications.html.erb (0.8ms)
Completed 200 OK in 1454ms (Views: 1450.4ms | ActiveRecord: 0.0ms)


